<?xml version="1.0" encoding="UTF-8"?>
<testsuite name="UserService.UserServiceApplicationTests" time="0" tests="1" errors="0" skipped="1" failures="0">
  <properties>
    <property name="idea.version" value="2017.3.5"/>
    <property name="java.runtime.name" value="Java(TM) SE Runtime Environment"/>
    <property name="sun.boot.library.path" value="C:\Java\jdk1.8.0_181\jre\bin"/>
    <property name="java.vm.version" value="25.181-b13"/>
    <property name="java.vm.vendor" value="Oracle Corporation"/>
    <property name="maven.multiModuleProjectDirectory" value="C:\Users\demo\Desktop\aos-app\adm-demo-app-master"/>
    <property name="java.vendor.url" value="http://java.oracle.com/"/>
    <property name="path.separator" value=";"/>
    <property name="guice.disable.misplaced.annotation.check" value="true"/>
    <property name="java.vm.name" value="Java HotSpot(TM) 64-Bit Server VM"/>
    <property name="file.encoding.pkg" value="sun.io"/>
    <property name="user.script" value=""/>
    <property name="user.country" value="US"/>
    <property name="sun.java.launcher" value="SUN_STANDARD"/>
    <property name="sun.os.patch.level" value=""/>
    <property name="java.vm.specification.name" value="Java Virtual Machine Specification"/>
    <property name="user.dir" value="C:\Users\demo\Desktop\aos-app\adm-demo-app-master"/>
    <property name="java.runtime.version" value="1.8.0_181-b13"/>
    <property name="java.awt.graphicsenv" value="sun.awt.Win32GraphicsEnvironment"/>
    <property name="java.endorsed.dirs" value="C:\Java\jdk1.8.0_181\jre\lib\endorsed"/>
    <property name="os.arch" value="amd64"/>
    <property name="java.io.tmpdir" value="C:\Users\demo\AppData\Local\Temp\"/>
    <property name="line.separator" value="&#10;"/>
    <property name="java.vm.specification.vendor" value="Oracle Corporation"/>
    <property name="user.variant" value=""/>
    <property name="os.name" value="Windows Server 2016"/>
    <property name="classworlds.conf" value="C:\Program Files\JetBrains\IntelliJ IDEA Community Edition 2017.3.5\plugins\maven\lib\maven3\bin\m2.conf"/>
    <property name="sun.jnu.encoding" value="Cp1252"/>
    <property name="java.library.path" value="C:\Java\jdk1.8.0_181\bin;C:\Windows\Sun\Java\bin;C:\Windows\system32;C:\Windows;C:\Program Files\Micro Focus\NV\lib\shunra\vcat;C:\Perl64\site\bin;C:\Perl64\bin;C:\Windows\system32;C:\Windows;C:\Windows\System32\Wbem;C:\Windows\System32\WindowsPowerShell\v1.0\;C:\curl\curl-7.61.0-win64-mingw\bin;C:\Java\jdk1.8.0_181\bin;C:\Program Files (x86)\Common Files\Oracle\Java\javapath;C:\Perl64\bin;C:\nodejs\;C:\gradle-4.10\bin;C:\apache-maven-3.5.4\bin;C:\apache-ant-1.10.5\bin;C:\apache-jmeter-4.0\bin;C:\Program Files\Docker;C:\Program Files\Mozilla Firefox;C:\selenium;C:\Program Files (x86)\Mobile Center Connector\connector\android-sdk-windows\platform-tools;C:\Program Files\Microsoft SQL Server\Client SDK\ODBC\110\Tools\Binn\;C:\Program Files (x86)\Microsoft SQL Server\120\Tools\Binn\;C:\Program Files\Microsoft SQL Server\120\Tools\Binn\;C:\Program Files\Microsoft SQL Server\120\DTS\Binn\;C:\Program Files\Mobile Center Connector\connector\android-sdk-windows\platform-tools;C:\Program Files (x86)\Silk\SilkTest;C:\Program Files (x86)\Silk\SilkTest\ng\gui;C:\Program Files (x86)\Micro Focus\Unified Functional Testing\bin;C:\Program Files\PuTTY\;C:\Program Files\Git\cmd;C:\Users\demo\AppData\Local\Microsoft\WindowsApps;C:\Users\demo\AppData\Roaming\npm;."/>
    <property name="java.specification.name" value="Java Platform API Specification"/>
    <property name="java.class.version" value="52.0"/>
    <property name="sun.management.compiler" value="HotSpot 64-Bit Tiered Compilers"/>
    <property name="os.version" value="10.0"/>
    <property name="user.home" value="C:\Users\demo"/>
    <property name="user.timezone" value="America/Denver"/>
    <property name="java.awt.printerjob" value="sun.awt.windows.WPrinterJob"/>
    <property name="java.specification.version" value="1.8"/>
    <property name="file.encoding" value="UTF-8"/>
    <property name="user.name" value="demo"/>
    <property name="java.class.path" value="C:\Program Files\JetBrains\IntelliJ IDEA Community Edition 2017.3.5\plugins\maven\lib\maven3\boot\plexus-classworlds-2.5.2.jar;C:\Program Files\JetBrains\IntelliJ IDEA Community Edition 2017.3.5\lib\idea_rt.jar"/>
    <property name="java.vm.specification.version" value="1.8"/>
    <property name="sun.arch.data.model" value="64"/>
    <property name="java.home" value="C:\Java\jdk1.8.0_181\jre"/>
    <property name="sun.java.command" value="org.codehaus.classworlds.Launcher -Didea.version=2017.3.5 package -P production"/>
    <property name="java.specification.vendor" value="Oracle Corporation"/>
    <property name="user.language" value="en"/>
    <property name="awt.toolkit" value="sun.awt.windows.WToolkit"/>
    <property name="java.vm.info" value="mixed mode"/>
    <property name="java.version" value="1.8.0_181"/>
    <property name="java.ext.dirs" value="C:\Java\jdk1.8.0_181\jre\lib\ext;C:\Windows\Sun\Java\lib\ext"/>
    <property name="sun.boot.class.path" value="C:\Java\jdk1.8.0_181\jre\lib\resources.jar;C:\Java\jdk1.8.0_181\jre\lib\rt.jar;C:\Java\jdk1.8.0_181\jre\lib\sunrsasign.jar;C:\Java\jdk1.8.0_181\jre\lib\jsse.jar;C:\Java\jdk1.8.0_181\jre\lib\jce.jar;C:\Java\jdk1.8.0_181\jre\lib\charsets.jar;C:\Java\jdk1.8.0_181\jre\lib\jfr.jar;C:\Java\jdk1.8.0_181\jre\classes;C:\Program Files (x86)\Micro Focus\Sprinter\bin\java_shared\classes\jasmine.jar"/>
    <property name="java.vendor" value="Oracle Corporation"/>
    <property name="maven.home" value="C:\Program Files\JetBrains\IntelliJ IDEA Community Edition 2017.3.5\plugins\maven\lib\maven3"/>
    <property name="file.separator" value="\"/>
    <property name="java.vendor.url.bug" value="http://bugreport.sun.com/bugreport/"/>
    <property name="sun.cpu.endian" value="little"/>
    <property name="sun.io.unicode.encoding" value="UnicodeLittle"/>
    <property name="sun.desktop" value="windows"/>
    <property name="sun.cpu.isalist" value="amd64"/>
  </properties>
  <testcase name="contextLoads" classname="UserService.UserServiceApplicationTests" time="0">
    <skipped/>
    <system-out><![CDATA[19:50:00.120 [main] DEBUG o.s.t.c.j.SpringJUnit4ClassRunner - SpringJUnit4ClassRunner constructor called with [class UserService.UserServiceApplicationTests]
19:50:00.120 [main] DEBUG o.s.test.context.BootstrapUtils - Instantiating CacheAwareContextLoaderDelegate from class [org.springframework.test.context.cache.DefaultCacheAwareContextLoaderDelegate]
19:50:00.120 [main] DEBUG o.s.test.context.BootstrapUtils - Instantiating BootstrapContext using constructor [public org.springframework.test.context.support.DefaultBootstrapContext(java.lang.Class,org.springframework.test.context.CacheAwareContextLoaderDelegate)]
19:50:00.121 [main] DEBUG o.s.test.context.BootstrapUtils - Instantiating TestContextBootstrapper for test class [UserService.UserServiceApplicationTests] from class [org.springframework.test.context.support.DefaultTestContextBootstrapper]
19:50:00.134 [main] DEBUG o.s.t.c.s.DefaultTestContextBootstrapper - Found explicit ContextLoader class [org.springframework.boot.test.SpringApplicationContextLoader] for context configuration attributes [ContextConfigurationAttributes@24a35978 declaringClass = 'UserService.UserServiceApplicationTests', classes = '{class com.advantage.accountsoap.AccountserviceApplication}', locations = '{}', inheritLocations = true, initializers = '{}', inheritInitializers = true, name = [null], contextLoaderClass = 'org.springframework.boot.test.SpringApplicationContextLoader']
19:50:00.135 [main] DEBUG o.s.t.c.s.AbstractContextLoader - Did not detect default resource location for test class [UserService.UserServiceApplicationTests]: class path resource [UserService/UserServiceApplicationTests-context.xml] does not exist
19:50:00.136 [main] DEBUG o.s.t.c.s.AbstractContextLoader - Did not detect default resource location for test class [UserService.UserServiceApplicationTests]: class path resource [UserService/UserServiceApplicationTestsContext.groovy] does not exist
19:50:00.136 [main] INFO  o.s.t.c.s.AbstractContextLoader - Could not detect default resource locations for test class [UserService.UserServiceApplicationTests]: no resource found for suffixes {-context.xml, Context.groovy}.
19:50:00.136 [main] DEBUG o.s.t.c.support.ActiveProfilesUtils - Could not find an 'annotation declaring class' for annotation type [org.springframework.test.context.ActiveProfiles] and class [UserService.UserServiceApplicationTests]
19:50:00.137 [main] DEBUG o.s.t.c.s.DefaultTestContextBootstrapper - @TestExecutionListeners is not present for class [UserService.UserServiceApplicationTests]: using defaults.
19:50:00.141 [main] INFO  o.s.t.c.s.DefaultTestContextBootstrapper - Loaded default TestExecutionListener class names from location [META-INF/spring.factories]: [org.springframework.test.context.web.ServletTestExecutionListener, org.springframework.test.context.support.DirtiesContextBeforeModesTestExecutionListener, org.springframework.test.context.support.DependencyInjectionTestExecutionListener, org.springframework.test.context.support.DirtiesContextTestExecutionListener, org.springframework.test.context.transaction.TransactionalTestExecutionListener, org.springframework.test.context.jdbc.SqlScriptsTestExecutionListener]
19:50:00.142 [main] INFO  o.s.t.c.s.DefaultTestContextBootstrapper - Using TestExecutionListeners: [org.springframework.test.context.web.ServletTestExecutionListener@5d11346a, org.springframework.test.context.support.DirtiesContextBeforeModesTestExecutionListener@7a36aefa, org.springframework.test.context.support.DependencyInjectionTestExecutionListener@17211155, org.springframework.test.context.support.DirtiesContextTestExecutionListener@b3d7190, org.springframework.test.context.transaction.TransactionalTestExecutionListener@5fdba6f9, org.springframework.test.context.jdbc.SqlScriptsTestExecutionListener@10d59286]
19:50:00.143 [main] DEBUG o.s.t.annotation.ProfileValueUtils - Retrieved @ProfileValueSourceConfiguration [null] for test class [UserService.UserServiceApplicationTests]
19:50:00.143 [main] DEBUG o.s.t.annotation.ProfileValueUtils - Retrieved ProfileValueSource type [class org.springframework.test.annotation.SystemProfileValueSource] for class [UserService.UserServiceApplicationTests]
19:50:00.143 [main] DEBUG o.s.t.annotation.ProfileValueUtils - Retrieved @ProfileValueSourceConfiguration [null] for test class [UserService.UserServiceApplicationTests]
19:50:00.143 [main] DEBUG o.s.t.annotation.ProfileValueUtils - Retrieved ProfileValueSource type [class org.springframework.test.annotation.SystemProfileValueSource] for class [UserService.UserServiceApplicationTests]
]]></system-out>
  </testcase>
</testsuite>